<?xml version="1.0" encoding="UTF-8"?>
<!-- Generated by org.testng.reporters.JUnitXMLReporter -->
<testsuite ignored="6" hostname="DESKTOP-LDBB7HE" failures="0" tests="1" name="Default test" time="32.62" errors="0" timestamp="2024-01-07T18:08:25 EET">
  <testcase classname="TestPackage.cartTestcases" name="verifyTotalPrice" time="27.615"/>
  <testcase classname="TestPackage.cartTestcases" name="fillCheckoutDetials" time="0.0">
    <ignored/>
  </testcase> <!-- fillCheckoutDetials -->
  <testcase classname="TestPackage.cartTestcases" name="verifyProductPriceValidDuringCheckoutProcess" time="0.0">
    <ignored/>
  </testcase> <!-- verifyProductPriceValidDuringCheckoutProcess -->
  <testcase classname="TestPackage.cartTestcases" name="removeIteamFromcart" time="0.0">
    <ignored/>
  </testcase> <!-- removeIteamFromcart -->
  <testcase classname="TestPackage.cartTestcases" name="checkOutTheorder" time="0.0">
    <ignored/>
  </testcase> <!-- checkOutTheorder -->
  <testcase classname="TestPackage.cartTestcases" name="verifyContinueShoppingButton" time="0.0">
    <ignored/>
  </testcase> <!-- verifyContinueShoppingButton -->
  <testcase classname="TestPackage.cartTestcases" name="verifyCartPageOpened" time="0.0">
    <ignored/>
  </testcase> <!-- verifyCartPageOpened -->
</testsuite> <!-- Default test -->
