<?xml version="1.0" encoding="UTF-8"?>
<!-- Generated by org.testng.reporters.JUnitXMLReporter -->
<testsuite ignored="0" hostname="DESKTOP-LDBB7HE" failures="1" tests="5" name="CartTest" time="50.068" errors="0" timestamp="2023-12-25T00:44:35 EET">
  <testcase classname="TestPackage.cartTestcases" name="checkOutTheorder" time="25.423"/>
  <testcase classname="TestPackage.cartTestcases" name="fillCheckoutDetials" time="8.95">
    <failure type="java.lang.AssertionError" message="The following asserts failed:
	Title is not Matching expected [Checkout: Overview] but found [Checkout: Your Information]">
      <![CDATA[java.lang.AssertionError: The following asserts failed:
Title is not Matching expected [Checkout: Overview] but found [Checkout: Your Information]
at TestPackage.cartTestcases.fillCheckoutDetials(cartTestcases.java:129)
at java.base/java.util.ArrayList.forEach(ArrayList.java:1511)
at java.base/java.util.concurrent.FutureTask.run(FutureTask.java:264)
at java.base/java.util.concurrent.ThreadPoolExecutor.runWorker(ThreadPoolExecutor.java:1136)
at java.base/java.util.concurrent.ThreadPoolExecutor$Worker.run(ThreadPoolExecutor.java:635)
at java.base/java.lang.Thread.run(Thread.java:833)
... Removed 20 stack frames]]>
    </failure>
  </testcase> <!-- fillCheckoutDetials -->
  <testcase classname="TestPackage.cartTestcases" name="removeIteamFromcart" time="6.192"/>
  <testcase classname="TestPackage.cartTestcases" name="verifyCartPageOpened" time="0.942"/>
  <testcase classname="TestPackage.cartTestcases" name="verifyContinueShoppingButton" time="1.109"/>
</testsuite> <!-- CartTest -->
