<?xml version="1.0" encoding="UTF-8"?>
<!-- Generated by org.testng.reporters.JUnitXMLReporter -->
<testsuite ignored="0" hostname="DESKTOP-LDBB7HE" failures="0" tests="3" name="LoginTest" time="28.92" errors="0" timestamp="2024-01-01T19:31:22 EET">
  <testcase classname="TestPackage.LoginTestcases" name="lockedLogin" time="1.909"/>
  <testcase classname="TestPackage.LoginTestcases" name="sucessfulLogin" time="16.139"/>
  <testcase classname="TestPackage.LoginTestcases" name="verifyErrorLoginMessage" time="3.092"/>
</testsuite> <!-- LoginTest -->
