<?xml version="1.0" encoding="UTF-8"?>
<!-- Generated by org.testng.reporters.JUnitXMLReporter -->
<testsuite ignored="0" hostname="DESKTOP-LDBB7HE" failures="0" tests="3" name="LoginTest" time="94.953" errors="0" timestamp="2023-12-15T17:31:12 EET">
  <testcase classname="regressionTest.LoginTestcases" name="lockedLogin" time="2.395"/>
  <testcase classname="regressionTest.LoginTestcases" name="sucessfulLogin" time="83.771"/>
  <testcase classname="regressionTest.LoginTestcases" name="verifyErrorLoginMessage" time="2.442"/>
</testsuite> <!-- LoginTest -->
