<?xml version="1.0" encoding="UTF-8"?>
<!-- Generated by org.testng.reporters.JUnitXMLReporter -->
<testsuite ignored="0" hostname="DESKTOP-LDBB7HE" failures="0" tests="6" name="ProductsTest" time="18.868" errors="0" timestamp="2023-12-23T14:59:55 EET">
  <testcase classname="TestPackage.ProductsTestcases" name="addProductTocart" time="4.194"/>
  <testcase classname="TestPackage.ProductsTestcases" name="verifyMenuContents" time="0.98"/>
  <testcase classname="TestPackage.ProductsTestcases" name="verifyProductRemovalFromCart" time="1.707"/>
  <testcase classname="TestPackage.ProductsTestcases" name="verifySortFromZtoA" time="1.19"/>
  <testcase classname="TestPackage.ProductsTestcases" name="verifySortOfProducts" time="1.207"/>
  <testcase classname="TestPackage.ProductsTestcases" name="verifyTheCartCount" time="1.058"/>
</testsuite> <!-- ProductsTest -->
