<?xml version="1.0" encoding="UTF-8"?>
<!-- Generated by org.testng.reporters.JUnitXMLReporter -->
<testsuite ignored="0" hostname="DESKTOP-LDBB7HE" failures="0" tests="5" name="ProductsTest" time="20.183" errors="0" timestamp="2023-12-20T19:29:41 EET">
  <testcase classname="regressionTest.ProductsTestcases" name="addProductTocart" time="3.892"/>
  <testcase classname="regressionTest.ProductsTestcases" name="verifyMenuContents" time="0.914"/>
  <testcase classname="regressionTest.ProductsTestcases" name="verifySortFromZtoA" time="0.861"/>
  <testcase classname="regressionTest.ProductsTestcases" name="verifySortOfProducts" time="0.794"/>
  <testcase classname="regressionTest.ProductsTestcases" name="verifyTheCartCount" time="1.04"/>
</testsuite> <!-- ProductsTest -->
