<?xml version="1.0" encoding="UTF-8"?>
<!-- Generated by org.testng.reporters.JUnitXMLReporter -->
<testsuite ignored="2" hostname="DESKTOP-LDBB7HE" failures="3" tests="5" name="Test" time="11.051" errors="0" timestamp="2023-12-15T17:27:12 EET">
  <testcase classname="regressionTest.ProductsTestcases" name="addProductTocart" time="4.213"/>
  <testcase classname="regressionTest.ProductsTestcases" name="verifySortOfProducts" time="0.846"/>
  <testcase classname="regressionTest.LoginTestcases" name="lockedLogin" time="0.0">
    <failure type="java.lang.NullPointerException" message="Cannot invoke &amp;quot;org.openqa.selenium.WebDriver.navigate()&amp;quot; because &amp;quot;this.driver&amp;quot; is null">
      <![CDATA[java.lang.NullPointerException: Cannot invoke "org.openqa.selenium.WebDriver.navigate()" because "this.driver" is null
at PageObjects.LoginPages.navigateSwagLabs(LoginPages.java:22)
at regressionTest.LoginTestcases.lockedLogin(LoginTestcases.java:50)
at java.base/java.util.ArrayList.forEach(ArrayList.java:1511)
... Removed 27 stack frames]]>
    </failure>
  </testcase> <!-- lockedLogin -->
  <testcase classname="regressionTest.LoginTestcases" name="sucessfulLogin" time="0.007">
    <failure type="java.lang.NullPointerException" message="Cannot invoke &amp;quot;org.openqa.selenium.WebDriver.navigate()&amp;quot; because &amp;quot;this.driver&amp;quot; is null">
      <![CDATA[java.lang.NullPointerException: Cannot invoke "org.openqa.selenium.WebDriver.navigate()" because "this.driver" is null
at PageObjects.LoginPages.navigateSwagLabs(LoginPages.java:22)
at regressionTest.LoginTestcases.sucessfulLogin(LoginTestcases.java:28)
at java.base/java.util.ArrayList.forEach(ArrayList.java:1511)
... Removed 27 stack frames]]>
    </failure>
  </testcase> <!-- sucessfulLogin -->
  <testcase classname="regressionTest.LoginTestcases" name="verifyErrorLoginMessage" time="0.032">
    <failure type="java.lang.NullPointerException" message="Cannot invoke &amp;quot;org.openqa.selenium.WebDriver.navigate()&amp;quot; because &amp;quot;this.driver&amp;quot; is null">
      <![CDATA[java.lang.NullPointerException: Cannot invoke "org.openqa.selenium.WebDriver.navigate()" because "this.driver" is null
at PageObjects.LoginPages.navigateSwagLabs(LoginPages.java:22)
at regressionTest.LoginTestcases.verifyErrorLoginMessage(LoginTestcases.java:37)
at java.base/java.util.ArrayList.forEach(ArrayList.java:1511)
... Removed 27 stack frames]]>
    </failure>
  </testcase> <!-- verifyErrorLoginMessage -->
  <testcase classname="framework.BaseTest" name="@AfterTest tearDown" time="0.0">
    <ignored/>
  </testcase> <!-- @AfterTest tearDown -->
  <testcase classname="framework.BaseTest" name="@BeforeTest setup" time="0.0">
    <ignored/>
  </testcase> <!-- @BeforeTest setup -->
</testsuite> <!-- Test -->
