<?xml version="1.0" encoding="UTF-8"?>
<testng-results ignored="1" total="2" passed="1" failed="0" skipped="0">
  <reporter-output>
  </reporter-output>
  <suite started-at="2023-12-20T20:45:00 EET" name="Default suite" finished-at="2023-12-20T20:45:34 EET" duration-ms="33217">
    <groups>
    </groups>
    <test started-at="2023-12-20T20:45:00 EET" name="Default test" finished-at="2023-12-20T20:45:34 EET" duration-ms="33217">
      <class name="regressionTest.cartTestcases">
        <test-method is-config="true" signature="setup()[pri:0, instance:regressionTest.cartTestcases@1aafa419]" started-at="2023-12-20T20:45:00 EET" name="setup" finished-at="2023-12-20T20:45:08 EET" duration-ms="7620" status="PASS">
          <reporter-output>
          </reporter-output>
        </test-method> <!-- setup -->
        <test-method is-config="true" signature="name()[pri:0, instance:regressionTest.cartTestcases@1aafa419]" started-at="2023-12-20T20:45:08 EET" name="name" finished-at="2023-12-20T20:45:08 EET" duration-ms="5" status="PASS">
          <reporter-output>
          </reporter-output>
        </test-method> <!-- name -->
        <test-method signature="removeIteamFromcart()[pri:0, instance:regressionTest.cartTestcases@1aafa419]" started-at="2023-12-20T20:45:08 EET" name="removeIteamFromcart" finished-at="2023-12-20T20:45:32 EET" duration-ms="23909" status="PASS">
          <reporter-output>
          </reporter-output>
        </test-method> <!-- removeIteamFromcart -->
        <test-method is-config="true" signature="tearDown()[pri:0, instance:regressionTest.cartTestcases@1aafa419]" started-at="2023-12-20T20:45:32 EET" name="tearDown" finished-at="2023-12-20T20:45:34 EET" duration-ms="1590" status="PASS">
          <reporter-output>
          </reporter-output>
        </test-method> <!-- tearDown -->
      </class> <!-- regressionTest.cartTestcases -->
    </test> <!-- Default test -->
  </suite> <!-- Default suite -->
</testng-results>
