<?xml version="1.0" encoding="UTF-8"?>
<testng-results ignored="0" total="14" passed="13" failed="1" skipped="0">
  <reporter-output>
  </reporter-output>
  <suite started-at="2023-12-23T14:59:37 EET" name="Suite" finished-at="2023-12-23T14:59:59 EET" duration-ms="22893">
    <groups>
    </groups>
    <test started-at="2023-12-23T14:59:37 EET" name="LoginTest" finished-at="2023-12-23T14:59:53 EET" duration-ms="16746">
      <class name="TestPackage.LoginTestcases">
        <test-method is-config="true" signature="setup()[pri:0, instance:TestPackage.LoginTestcases@4d5d943d]" started-at="2023-12-23T14:59:37 EET" name="setup" finished-at="2023-12-23T14:59:44 EET" duration-ms="7125" status="PASS">
          <reporter-output>
          </reporter-output>
        </test-method> <!-- setup -->
        <test-method signature="lockedLogin()[pri:0, instance:TestPackage.LoginTestcases@4d5d943d]" started-at="2023-12-23T14:59:44 EET" name="lockedLogin" finished-at="2023-12-23T14:59:45 EET" duration-ms="1803" status="PASS">
          <reporter-output>
          </reporter-output>
        </test-method> <!-- lockedLogin -->
        <test-method signature="sucessfulLogin()[pri:0, instance:TestPackage.LoginTestcases@4d5d943d]" started-at="2023-12-23T14:59:45 EET" name="sucessfulLogin" finished-at="2023-12-23T14:59:49 EET" duration-ms="3243" status="PASS">
          <reporter-output>
          </reporter-output>
        </test-method> <!-- sucessfulLogin -->
        <test-method signature="verifyErrorLoginMessage()[pri:0, instance:TestPackage.LoginTestcases@4d5d943d]" started-at="2023-12-23T14:59:49 EET" name="verifyErrorLoginMessage" finished-at="2023-12-23T14:59:51 EET" duration-ms="2156" status="PASS">
          <reporter-output>
          </reporter-output>
        </test-method> <!-- verifyErrorLoginMessage -->
        <test-method is-config="true" signature="tearDown()[pri:0, instance:TestPackage.LoginTestcases@4d5d943d]" started-at="2023-12-23T14:59:51 EET" name="tearDown" finished-at="2023-12-23T14:59:53 EET" duration-ms="2374" status="PASS">
          <reporter-output>
          </reporter-output>
        </test-method> <!-- tearDown -->
      </class> <!-- TestPackage.LoginTestcases -->
    </test> <!-- LoginTest -->
    <test started-at="2023-12-23T14:59:37 EET" name="ProductsTest" finished-at="2023-12-23T14:59:55 EET" duration-ms="18868">
      <class name="TestPackage.ProductsTestcases">
        <test-method is-config="true" signature="setup()[pri:0, instance:TestPackage.ProductsTestcases@6a78afa0]" started-at="2023-12-23T14:59:37 EET" name="setup" finished-at="2023-12-23T14:59:43 EET" duration-ms="6608" status="PASS">
          <reporter-output>
          </reporter-output>
        </test-method> <!-- setup -->
        <test-method signature="addProductTocart()[pri:0, instance:TestPackage.ProductsTestcases@6a78afa0]" started-at="2023-12-23T14:59:43 EET" name="addProductTocart" finished-at="2023-12-23T14:59:47 EET" duration-ms="4194" status="PASS">
          <reporter-output>
          </reporter-output>
        </test-method> <!-- addProductTocart -->
        <test-method signature="verifyMenuContents()[pri:0, instance:TestPackage.ProductsTestcases@6a78afa0]" started-at="2023-12-23T14:59:47 EET" name="verifyMenuContents" finished-at="2023-12-23T14:59:48 EET" duration-ms="980" status="PASS">
          <reporter-output>
          </reporter-output>
        </test-method> <!-- verifyMenuContents -->
        <test-method signature="verifyProductRemovalFromCart()[pri:0, instance:TestPackage.ProductsTestcases@6a78afa0]" started-at="2023-12-23T14:59:48 EET" name="verifyProductRemovalFromCart" finished-at="2023-12-23T14:59:50 EET" duration-ms="1707" status="PASS">
          <reporter-output>
          </reporter-output>
        </test-method> <!-- verifyProductRemovalFromCart -->
        <test-method signature="verifySortFromZtoA()[pri:0, instance:TestPackage.ProductsTestcases@6a78afa0]" started-at="2023-12-23T14:59:50 EET" name="verifySortFromZtoA" finished-at="2023-12-23T14:59:51 EET" duration-ms="1190" status="PASS">
          <reporter-output>
          </reporter-output>
        </test-method> <!-- verifySortFromZtoA -->
        <test-method signature="verifySortOfProducts()[pri:0, instance:TestPackage.ProductsTestcases@6a78afa0]" started-at="2023-12-23T14:59:51 EET" name="verifySortOfProducts" finished-at="2023-12-23T14:59:52 EET" duration-ms="1207" status="PASS">
          <reporter-output>
          </reporter-output>
        </test-method> <!-- verifySortOfProducts -->
        <test-method signature="verifyTheCartCount()[pri:0, instance:TestPackage.ProductsTestcases@6a78afa0]" started-at="2023-12-23T14:59:52 EET" name="verifyTheCartCount" finished-at="2023-12-23T14:59:53 EET" duration-ms="1058" status="PASS">
          <reporter-output>
          </reporter-output>
        </test-method> <!-- verifyTheCartCount -->
        <test-method is-config="true" signature="tearDown()[pri:0, instance:TestPackage.ProductsTestcases@6a78afa0]" started-at="2023-12-23T14:59:53 EET" name="tearDown" finished-at="2023-12-23T14:59:55 EET" duration-ms="1909" status="PASS">
          <reporter-output>
          </reporter-output>
        </test-method> <!-- tearDown -->
      </class> <!-- TestPackage.ProductsTestcases -->
    </test> <!-- ProductsTest -->
    <test started-at="2023-12-23T14:59:37 EET" name="CartTest" finished-at="2023-12-23T14:59:59 EET" duration-ms="22892">
      <class name="TestPackage.cartTestcases">
        <test-method is-config="true" signature="setup()[pri:0, instance:TestPackage.cartTestcases@7dcf94f8]" started-at="2023-12-23T14:59:37 EET" name="setup" finished-at="2023-12-23T14:59:42 EET" duration-ms="5516" status="PASS">
          <reporter-output>
          </reporter-output>
        </test-method> <!-- setup -->
        <test-method signature="checkOutTheorder()[pri:0, instance:TestPackage.cartTestcases@7dcf94f8]" started-at="2023-12-23T14:59:42 EET" name="checkOutTheorder" finished-at="2023-12-23T14:59:46 EET" duration-ms="3680" status="PASS">
          <reporter-output>
          </reporter-output>
        </test-method> <!-- checkOutTheorder -->
        <test-method signature="fillCheckoutDetials()[pri:0, instance:TestPackage.cartTestcases@7dcf94f8]" started-at="2023-12-23T14:59:46 EET" name="fillCheckoutDetials" finished-at="2023-12-23T14:59:49 EET" duration-ms="3325" status="PASS">
          <reporter-output>
          </reporter-output>
        </test-method> <!-- fillCheckoutDetials -->
        <test-method signature="removeIteamFromcart()[pri:0, instance:TestPackage.cartTestcases@7dcf94f8]" started-at="2023-12-23T14:59:49 EET" name="removeIteamFromcart" finished-at="2023-12-23T14:59:55 EET" duration-ms="6188" status="FAIL">
          <exception class="java.lang.AssertionError">
            <message>
              <![CDATA[expected [2] but found [0]]]>
            </message>
            <full-stacktrace>
              <![CDATA[java.lang.AssertionError: expected [2] but found [0]
at org.testng.Assert.fail(Assert.java:110)
at org.testng.Assert.failNotEquals(Assert.java:1413)
at org.testng.Assert.assertEqualsImpl(Assert.java:149)
at org.testng.Assert.assertEquals(Assert.java:131)
at org.testng.Assert.assertEquals(Assert.java:1240)
at org.testng.Assert.assertEquals(Assert.java:1274)
at TestPackage.cartTestcases.removeIteamFromcart(cartTestcases.java:52)
at java.base/jdk.internal.reflect.NativeMethodAccessorImpl.invoke0(Native Method)
at java.base/jdk.internal.reflect.NativeMethodAccessorImpl.invoke(NativeMethodAccessorImpl.java:77)
at java.base/jdk.internal.reflect.DelegatingMethodAccessorImpl.invoke(DelegatingMethodAccessorImpl.java:43)
at java.base/java.lang.reflect.Method.invoke(Method.java:568)
at org.testng.internal.invokers.MethodInvocationHelper.invokeMethod(MethodInvocationHelper.java:135)
at org.testng.internal.invokers.TestInvoker.invokeMethod(TestInvoker.java:673)
at org.testng.internal.invokers.TestInvoker.invokeTestMethod(TestInvoker.java:220)
at org.testng.internal.invokers.MethodRunner.runInSequence(MethodRunner.java:50)
at org.testng.internal.invokers.TestInvoker$MethodInvocationAgent.invoke(TestInvoker.java:945)
at org.testng.internal.invokers.TestInvoker.invokeTestMethods(TestInvoker.java:193)
at org.testng.internal.invokers.TestMethodWorker.invokeTestMethods(TestMethodWorker.java:146)
at org.testng.internal.invokers.TestMethodWorker.run(TestMethodWorker.java:128)
at java.base/java.util.ArrayList.forEach(ArrayList.java:1511)
at org.testng.TestRunner.privateRun(TestRunner.java:808)
at org.testng.TestRunner.run(TestRunner.java:603)
at org.testng.SuiteRunner.runTest(SuiteRunner.java:429)
at org.testng.SuiteRunner.access$000(SuiteRunner.java:32)
at org.testng.SuiteRunner$SuiteWorker.run(SuiteRunner.java:467)
at org.testng.internal.thread.ThreadUtil.lambda$execute$0(ThreadUtil.java:58)
at java.base/java.util.concurrent.FutureTask.run(FutureTask.java:264)
at java.base/java.util.concurrent.ThreadPoolExecutor.runWorker(ThreadPoolExecutor.java:1136)
at java.base/java.util.concurrent.ThreadPoolExecutor$Worker.run(ThreadPoolExecutor.java:635)
at java.base/java.lang.Thread.run(Thread.java:833)
]]>
            </full-stacktrace>
          </exception> <!-- java.lang.AssertionError -->
          <reporter-output>
          </reporter-output>
        </test-method> <!-- removeIteamFromcart -->
        <test-method signature="verifyCartPageOpened()[pri:0, instance:TestPackage.cartTestcases@7dcf94f8]" started-at="2023-12-23T14:59:55 EET" name="verifyCartPageOpened" finished-at="2023-12-23T14:59:56 EET" duration-ms="1204" status="PASS">
          <reporter-output>
          </reporter-output>
        </test-method> <!-- verifyCartPageOpened -->
        <test-method signature="verifyContinueShoppingButton()[pri:0, instance:TestPackage.cartTestcases@7dcf94f8]" started-at="2023-12-23T14:59:56 EET" name="verifyContinueShoppingButton" finished-at="2023-12-23T14:59:58 EET" duration-ms="1426" status="PASS">
          <reporter-output>
          </reporter-output>
        </test-method> <!-- verifyContinueShoppingButton -->
        <test-method is-config="true" signature="tearDown()[pri:0, instance:TestPackage.cartTestcases@7dcf94f8]" started-at="2023-12-23T14:59:58 EET" name="tearDown" finished-at="2023-12-23T14:59:59 EET" duration-ms="1516" status="PASS">
          <reporter-output>
          </reporter-output>
        </test-method> <!-- tearDown -->
      </class> <!-- TestPackage.cartTestcases -->
    </test> <!-- CartTest -->
  </suite> <!-- Suite -->
</testng-results>
